<?xml version="1.0" encoding="UTF-8"?>
<!-- Generated by org.testng.reporters.JUnitReportReporter -->
<testsuite hostname="Irina" name="com.qatestlab.test.SampleTest" tests="1" failures="0" timestamp="9 Jun 2016 18:09:20 GMT" time="6,786" errors="0">
  <testcase name="test" time="6,786" classname="com.qatestlab.test.SampleTest"/>
</testsuite>
